<?xml version="1.0" encoding="UTF-8"?>
<!-- Generated by org.testng.reporters.JUnitReportReporter -->
<testsuite skipped="0" hostname="RNIS-PC" name="TestPratice.Demo1" tests="1" failures="0" timestamp="20 Feb 2021 13:46:41 GMT" time="0.000" errors="0">
  <testcase name="method1" time="0.000" classname="TestPratice.Demo1"/>
</testsuite> <!-- TestPratice.Demo1 -->
