<?xml version="1.0" encoding="UTF-8"?>
<testsuite name="TestPratice.DependencyMethods" tests="2" skipped="0" failures="0" errors="0" timestamp="2021-02-21T11:48:10" hostname="RNIS-PC" time="6.138">
  <properties/>
  <testcase name="initializationMethod" classname="TestPratice.DependencyMethods" time="0.0"/>
  <testcase name="Execution" classname="TestPratice.DependencyMethods" time="0.001"/>
  <system-out><![CDATA[Initilization the envr
Executing the test
]]></system-out>
  <system-err><![CDATA[]]></system-err>
</testsuite>
