<?xml version="1.0" encoding="UTF-8"?>
<testsuite name="TestPratice.PriorityMethods" tests="4" skipped="0" failures="0" errors="0" timestamp="2021-02-21T11:48:16" hostname="RNIS-PC" time="0.003">
  <properties/>
  <testcase name="Method1" classname="TestPratice.PriorityMethods" time="0.0"/>
  <testcase name="Method4" classname="TestPratice.PriorityMethods" time="0.0"/>
  <testcase name="Method2" classname="TestPratice.PriorityMethods" time="0.0"/>
  <testcase name="Method3" classname="TestPratice.PriorityMethods" time="0.001"/>
  <system-out><![CDATA[Execution Method1
Execution Method4
Execution Method2
Execution Method3
]]></system-out>
  <system-err><![CDATA[]]></system-err>
</testsuite>
