<?xml version="1.0" encoding="UTF-8"?>
<testsuite name="TestPratice.Demo1" tests="1" skipped="0" failures="0" errors="0" timestamp="2021-02-22T08:07:47" hostname="RNIS-PC" time="0.001">
  <properties/>
  <testcase name="method1" classname="TestPratice.Demo1" time="0.001"/>
  <system-out><![CDATA[HI
]]></system-out>
  <system-err><![CDATA[]]></system-err>
</testsuite>
