<?xml version="1.0" encoding="UTF-8"?>
<!-- Generated by org.testng.reporters.JUnitReportReporter -->
<testsuite skipped="0" hostname="RNIS-PC" name="TestPratice.ParameterDataProvider" tests="4" failures="0" timestamp="18 Feb 2021 14:01:12 GMT" time="0.025" errors="0">
  <testcase name="testUserLogin" time="0.002" classname="TestPratice.ParameterDataProvider"/>
  <testcase name="testUserLogin" time="0.019" classname="TestPratice.ParameterDataProvider"/>
  <testcase name="testUserLogin" time="0.002" classname="TestPratice.ParameterDataProvider"/>
  <testcase name="testUserLogin" time="0.002" classname="TestPratice.ParameterDataProvider"/>
</testsuite> <!-- TestPratice.ParameterDataProvider -->
