<?xml version="1.0" encoding="UTF-8"?>
<!-- Generated by org.testng.reporters.JUnitReportReporter -->
<testsuite skipped="0" hostname="RNIS-PC" name="TestPratice.ParallelExecution" tests="2" failures="0" timestamp="18 Feb 2021 12:27:15 GMT" time="6.012" errors="0">
  <testcase name="method2" time="3.002" classname="TestPratice.ParallelExecution"/>
  <testcase name="method1" time="3.010" classname="TestPratice.ParallelExecution"/>
</testsuite> <!-- TestPratice.ParallelExecution -->
