<?xml version="1.0" encoding="UTF-8"?>
<!-- Generated by org.testng.reporters.JUnitReportReporter -->
<testsuite skipped="0" hostname="RNIS-PC" name="TestPratice.Groups" tests="3" failures="0" timestamp="18 Feb 2021 13:52:35 GMT" time="0.030" errors="0">
  <testcase name="Method1" time="0.018" classname="TestPratice.Groups"/>
  <testcase name="Method2" time="0.009" classname="TestPratice.Groups"/>
  <testcase name="Method4" time="0.003" classname="TestPratice.Groups"/>
</testsuite> <!-- TestPratice.Groups -->
