<?xml version="1.0" encoding="UTF-8"?>
<!-- Generated by org.testng.reporters.JUnitReportReporter -->
<testsuite skipped="0" hostname="RNIS-PC" name="TestPratice.PriorityMethods" tests="4" failures="0" timestamp="18 Feb 2021 12:13:47 GMT" time="0.028" errors="0">
  <testcase name="Method1" time="0.020" classname="TestPratice.PriorityMethods"/>
  <testcase name="Method4" time="0.003" classname="TestPratice.PriorityMethods"/>
  <testcase name="Method2" time="0.003" classname="TestPratice.PriorityMethods"/>
  <testcase name="Method3" time="0.002" classname="TestPratice.PriorityMethods"/>
</testsuite> <!-- TestPratice.PriorityMethods -->
