<?xml version="1.0" encoding="UTF-8"?>
<!-- Generated by org.testng.reporters.JUnitReportReporter -->
<testsuite skipped="0" hostname="RNIS-PC" name="TestPratice.ParameterXML" tests="3" failures="0" timestamp="22 Feb 2021 03:18:19 GMT" time="0.024" errors="0">
  <testcase name="Method1" time="0.018" classname="TestPratice.ParameterXML"/>
  <testcase name="parameterTest" time="0.003" classname="TestPratice.ParameterXML"/>
  <testcase name="parameterTestLOgout" time="0.003" classname="TestPratice.ParameterXML"/>
</testsuite> <!-- TestPratice.ParameterXML -->
