<?xml version="1.0" encoding="UTF-8"?>
<!-- Generated by org.testng.reporters.JUnitReportReporter -->
<testsuite skipped="0" hostname="RNIS-PC" name="TestPratice.DependencyGroup" tests="3" failures="0" timestamp="18 Feb 2021 12:00:00 GMT" time="0.026" errors="0">
  <testcase name="RegressionTest" time="0.002" classname="TestPratice.DependencyGroup"/>
  <testcase name="unitTest" time="0.003" classname="TestPratice.DependencyGroup"/>
  <testcase name="SmokeTest" time="0.021" classname="TestPratice.DependencyGroup"/>
</testsuite> <!-- TestPratice.DependencyGroup -->
