<?xml version="1.0" encoding="UTF-8"?>
<!-- Generated by org.testng.reporters.JUnitReportReporter -->
<testsuite skipped="0" hostname="RNIS-PC" name="TestPratice.ParameterXML" tests="2" failures="0" timestamp="18 Feb 2021 12:11:18 GMT" time="0.025" errors="0">
  <testcase name="Method1" time="0.022" classname="TestPratice.ParameterXML"/>
  <testcase name="parameterTest" time="0.003" classname="TestPratice.ParameterXML"/>
</testsuite> <!-- TestPratice.ParameterXML -->
