<?xml version="1.0" encoding="UTF-8"?>
<!-- Generated by org.testng.reporters.JUnitReportReporter -->
<testsuite skipped="0" hostname="RNIS-PC" name="TestPratice.ParameterDataProvider" tests="4" failures="0" timestamp="18 Feb 2021 12:19:49 GMT" time="0.033" errors="0">
  <testcase name="testPrimeNumberChecker" time="0.002" classname="TestPratice.ParameterDataProvider"/>
  <testcase name="testPrimeNumberChecker" time="0.026" classname="TestPratice.ParameterDataProvider"/>
  <testcase name="testPrimeNumberChecker" time="0.003" classname="TestPratice.ParameterDataProvider"/>
  <testcase name="testPrimeNumberChecker" time="0.002" classname="TestPratice.ParameterDataProvider"/>
</testsuite> <!-- TestPratice.ParameterDataProvider -->
