<?xml version="1.0" encoding="UTF-8"?>
<!-- Generated by org.testng.reporters.JUnitReportReporter -->
<testsuite skipped="0" hostname="RNIS-PC" name="TestPratice.Demo1" tests="1" failures="0" timestamp="18 Feb 2021 07:58:42 GMT" time="0.019" errors="0">
  <testcase name="method1" time="0.019" classname="TestPratice.Demo1"/>
</testsuite> <!-- TestPratice.Demo1 -->
