<?xml version="1.0" encoding="UTF-8"?>
<!-- Generated by org.testng.reporters.JUnitReportReporter -->
<testsuite skipped="0" hostname="RNIS-PC" name="TestPratice.TestngAnnotation" tests="2" failures="0" timestamp="18 Feb 2021 08:09:49 GMT" time="0.016" errors="0">
  <testcase name="testCase1" time="0.012" classname="TestPratice.TestngAnnotation"/>
  <testcase name="testCase2" time="0.004" classname="TestPratice.TestngAnnotation"/>
</testsuite> <!-- TestPratice.TestngAnnotation -->
