<?xml version="1.0" encoding="UTF-8"?>
<!-- Generated by org.testng.reporters.JUnitReportReporter -->
<testsuite skipped="0" hostname="RNIS-PC" name="TestPratice.Groups" tests="3" failures="0" timestamp="18 Feb 2021 10:13:44 GMT" time="0.026" errors="0">
  <testcase name="Method1" time="0.020" classname="TestPratice.Groups"/>
  <testcase name="Method2" time="0.002" classname="TestPratice.Groups"/>
  <testcase name="Method4" time="0.004" classname="TestPratice.Groups"/>
</testsuite> <!-- TestPratice.Groups -->
