<?xml version="1.0" encoding="UTF-8"?>
<!-- Generated by org.testng.reporters.JUnitReportReporter -->
<testsuite skipped="0" hostname="RNIS-PC" name="TestPratice.TestngAnnotation" tests="2" failures="0" timestamp="18 Feb 2021 13:46:17 GMT" time="0.022" errors="0">
  <testcase name="testCase1" time="0.017" classname="TestPratice.TestngAnnotation"/>
  <testcase name="testCase2" time="0.005" classname="TestPratice.TestngAnnotation"/>
</testsuite> <!-- TestPratice.TestngAnnotation -->
